Arguments: 
  C:\Program Files\nodejs\node.exe C:\Users\Administrator\AppData\Roaming\npm\node_modules\yarn\bin\yarn.js add babel-plugin-import

PATH: 
  D:\jdk1.8.0_77\bin;D:\jeesite\jeesite-master\jeesite-master\doc\maven\maven\maven3\bin;D:\app\Administrator\product\11.2.0\client\bin;C:\Windows\system32;C:\Windows;C:\Windows\System32\Wbem;C:\Windows;E:\erl9.2\bin;C:\Program Files\Git\bin;C:\Program Files\nodejs\;C:\Program Files\TortoiseGit\bin;C:\Users\Administrator\AppData\Local\Programs\Python\Python37\Scripts\;C:\Users\Administrator\AppData\Local\Programs\Python\Python37\;C:\Program Files\Bandizip\;D:\Program Files\Microsoft VS Code\bin;C:\Users\Administrator\AppData\Roaming\npm;D:\Users\Administrator\AppData\Local\Programs\Fiddler

Yarn version: 
  1.10.0

Node version: 
  8.12.0

Platform: 
  win32 x64

Trace: 
  SyntaxError: E:\develop\gdwyzyz\package.json: Unexpected token } in JSON at position 1390
      at JSON.parse (<anonymous>)
      at C:\Users\Administrator\AppData\Roaming\npm\node_modules\yarn\lib\cli.js:1136:59
      at Generator.next (<anonymous>)
      at step (C:\Users\Administrator\AppData\Roaming\npm\node_modules\yarn\lib\cli.js:98:30)
      at C:\Users\Administrator\AppData\Roaming\npm\node_modules\yarn\lib\cli.js:109:13
      at <anonymous>

npm manifest: 
  {
    "name": "react-ie9-seed",
    "version": "1.0.0",
    "description": "",
    "main": "index.js",
    "scripts": {
      "start": "webpack-dev-server --config ./config/webpack.dev.config.js --hot --color",
      "build": "webpack --config ./config/webpack.prod.config.js",
      "test": "echo \"Error: no test specified\" && exit 1"
    },
    "author": "chuiliu",
    "license": "ISC",
    "devDependencies": {
      "autoprefixer": "^9.3.1",
      "babel-core": "^6.26.3",
      "babel-loader": "^7.1.5",
      "babel-plugin-syntax-dynamic-import": "^6.18.0",
      "babel-preset-env": "^1.7.0",
      "babel-preset-react": "^6.24.1",
      "clean-webpack-plugin": "^0.1.19",
      "css-hot-loader": "^1.4.2",
      "css-loader": "^1.0.1",
      "cssnano": "^4.1.7",
      "extract-text-webpack-plugin": "^3.0.2",
      "file-loader": "^2.0.0",
      "html-webpack-plugin": "^3.2.0",
      "less": "^3.8.1",
      "less-loader": "^4.1.0",
      "postcss-import": "^12.0.1",
      "postcss-loader": "^3.0.0",
      "react-hot-loader": "^4.3.12",
      "react-loadable": "^5.5.0",
      "style-loader": "^0.23.1",
      "url-loader": "^1.1.2",
      "webpack": "^3.12.0",
      "webpack-dev-server": "^2.11.3",
      "webpack-merge": "^4.1.4"
    },
    "dependencies": {
      "antd": "^3.10.3",
      "axios": "^0.18.0",
      "babel-polyfill": "^6.26.0",
      "raf": "^3.4.1",
      "react": "^16.6.0",
      "react-dom": "^16.6.0",
      "react-router-dom": "^4.3.1",
    }
  }

yarn manifest: 
  No manifest

Lockfile: 
  No lockfile
